<?xml version="1.0" encoding="UTF-8"?>
<!-- Generated by org.testng.reporters.JUnitReportReporter -->
<testsuite skipped="0" hostname="DESKTOP-VUFLIJL" name="com.weatherdata.Demo.WeatherPageTest" tests="3" failures="0" timestamp="16 Aug 2023 17:54:11 GMT" time="6.192" errors="0">
  <testcase name="weather_data" time="5.072" classname="com.weatherdata.Demo.WeatherPageTest"/>
  <testcase name="weather_in_C" time="0.913" classname="com.weatherdata.Demo.WeatherPageTest"/>
  <testcase name="test_PageData" time="0.207" classname="com.weatherdata.Demo.WeatherPageTest"/>
</testsuite> <!-- com.weatherdata.Demo.WeatherPageTest -->
